main.js?ts=1770012033449:1146 Download the React DevTools for a better development experience: https://reactjs.org/link/react-devtools
OverlayEkotoba.js:53 [OverlayEkotoba] navIndex matched! {navIndex: 0, index: 0, chapter: '1', cat: 'ekotoba'}
OverlayEkotoba.js:53 [OverlayEkotoba] navIndex matched! {navIndex: 0, index: 0, chapter: '1', cat: 'ekotoba'}
ChapterTimeline.js:29 [ChapterTimeline] props: {index: 0, chapter: '1', ekotobaId: 0, titleen: 'Chōjū-jinbutsu-giga_first'}
ChapterTimeline.js:29 [ChapterTimeline] props: {index: 0, chapter: '1', ekotobaId: 0, titleen: 'Chōjū-jinbutsu-giga_first'}
ChapterTimeline.js:29 [ChapterTimeline] props: {index: 5, chapter: '2', ekotobaId: 1, titleen: 'Chōjū-jinbutsu-giga_first'}
ChapterTimeline.js:29 [ChapterTimeline] props: {index: 5, chapter: '2', ekotobaId: 1, titleen: 'Chōjū-jinbutsu-giga_first'}
ChapterTimeline.js:29 [ChapterTimeline] props: {index: 12, chapter: '3', ekotobaId: 2, titleen: 'Chōjū-jinbutsu-giga_first'}
ChapterTimeline.js:29 [ChapterTimeline] props: {index: 12, chapter: '3', ekotobaId: 2, titleen: 'Chōjū-jinbutsu-giga_first'}
ChapterTimeline.js:29 [ChapterTimeline] props: {index: 15, chapter: '4', ekotobaId: 3, titleen: 'Chōjū-jinbutsu-giga_first'}
ChapterTimeline.js:29 [ChapterTimeline] props: {index: 15, chapter: '4', ekotobaId: 3, titleen: 'Chōjū-jinbutsu-giga_first'}
ChapterTimeline.js:29 [ChapterTimeline] props: {index: 18, chapter: '5', ekotobaId: 4, titleen: 'Chōjū-jinbutsu-giga_first'}
ChapterTimeline.js:29 [ChapterTimeline] props: {index: 18, chapter: '5', ekotobaId: 4, titleen: 'Chōjū-jinbutsu-giga_first'}
ChapterTimeline.js:29 [ChapterTimeline] props: {index: 21, chapter: '6', ekotobaId: 5, titleen: 'Chōjū-jinbutsu-giga_first'}
ChapterTimeline.js:29 [ChapterTimeline] props: {index: 21, chapter: '6', ekotobaId: 5, titleen: 'Chōjū-jinbutsu-giga_first'}
ChapterTimeline.js:29 [ChapterTimeline] props: {index: 24, chapter: '7', ekotobaId: 6, titleen: 'Chōjū-jinbutsu-giga_first'}
ChapterTimeline.js:29 [ChapterTimeline] props: {index: 24, chapter: '7', ekotobaId: 6, titleen: 'Chōjū-jinbutsu-giga_first'}
ChapterTimeline.js:29 [ChapterTimeline] props: {index: 26, chapter: '8', ekotobaId: 7, titleen: 'Chōjū-jinbutsu-giga_first'}
ChapterTimeline.js:29 [ChapterTimeline] props: {index: 26, chapter: '8', ekotobaId: 7, titleen: 'Chōjū-jinbutsu-giga_first'}
ChapterTimeline.js:29 [ChapterTimeline] props: {index: 29, chapter: '9', ekotobaId: 8, titleen: 'Chōjū-jinbutsu-giga_first'}
ChapterTimeline.js:29 [ChapterTimeline] props: {index: 29, chapter: '9', ekotobaId: 8, titleen: 'Chōjū-jinbutsu-giga_first'}
OverlayEkotoba.js:53 [OverlayEkotoba] navIndex matched! {navIndex: 0, index: 0, chapter: '1', cat: 'ekotoba'}
OverlayEkotoba.js:53 [OverlayEkotoba] navIndex matched! {navIndex: 0, index: 0, chapter: '1', cat: 'ekotoba'}
ChapterTimeline.js:29 [ChapterTimeline] props: {index: 0, chapter: '1', ekotobaId: 0, titleen: 'Chōjū-jinbutsu-giga_first'}
ChapterTimeline.js:29 [ChapterTimeline] props: {index: 0, chapter: '1', ekotobaId: 0, titleen: 'Chōjū-jinbutsu-giga_first'}
ChapterTimeline.js:29 [ChapterTimeline] props: {index: 5, chapter: '2', ekotobaId: 1, titleen: 'Chōjū-jinbutsu-giga_first'}
ChapterTimeline.js:29 [ChapterTimeline] props: {index: 5, chapter: '2', ekotobaId: 1, titleen: 'Chōjū-jinbutsu-giga_first'}
ChapterTimeline.js:29 [ChapterTimeline] props: {index: 12, chapter: '3', ekotobaId: 2, titleen: 'Chōjū-jinbutsu-giga_first'}
ChapterTimeline.js:29 [ChapterTimeline] props: {index: 12, chapter: '3', ekotobaId: 2, titleen: 'Chōjū-jinbutsu-giga_first'}
ChapterTimeline.js:29 [ChapterTimeline] props: {index: 15, chapter: '4', ekotobaId: 3, titleen: 'Chōjū-jinbutsu-giga_first'}
ChapterTimeline.js:29 [ChapterTimeline] props: {index: 15, chapter: '4', ekotobaId: 3, titleen: 'Chōjū-jinbutsu-giga_first'}
ChapterTimeline.js:29 [ChapterTimeline] props: {index: 18, chapter: '5', ekotobaId: 4, titleen: 'Chōjū-jinbutsu-giga_first'}
ChapterTimeline.js:29 [ChapterTimeline] props: {index: 18, chapter: '5', ekotobaId: 4, titleen: 'Chōjū-jinbutsu-giga_first'}
ChapterTimeline.js:29 [ChapterTimeline] props: {index: 21, chapter: '6', ekotobaId: 5, titleen: 'Chōjū-jinbutsu-giga_first'}
ChapterTimeline.js:29 [ChapterTimeline] props: {index: 21, chapter: '6', ekotobaId: 5, titleen: 'Chōjū-jinbutsu-giga_first'}
ChapterTimeline.js:29 [ChapterTimeline] props: {index: 24, chapter: '7', ekotobaId: 6, titleen: 'Chōjū-jinbutsu-giga_first'}
ChapterTimeline.js:29 [ChapterTimeline] props: {index: 24, chapter: '7', ekotobaId: 6, titleen: 'Chōjū-jinbutsu-giga_first'}
ChapterTimeline.js:29 [ChapterTimeline] props: {index: 26, chapter: '8', ekotobaId: 7, titleen: 'Chōjū-jinbutsu-giga_first'}
ChapterTimeline.js:29 [ChapterTimeline] props: {index: 26, chapter: '8', ekotobaId: 7, titleen: 'Chōjū-jinbutsu-giga_first'}
ChapterTimeline.js:29 [ChapterTimeline] props: {index: 29, chapter: '9', ekotobaId: 8, titleen: 'Chōjū-jinbutsu-giga_first'}
ChapterTimeline.js:29 [ChapterTimeline] props: {index: 29, chapter: '9', ekotobaId: 8, titleen: 'Chōjū-jinbutsu-giga_first'}
OverlayEkotoba.js:53 [OverlayEkotoba] navIndex matched! {navIndex: 0, index: 0, chapter: '1', cat: 'ekotoba'}
OverlayEkotoba.js:53 [OverlayEkotoba] navIndex matched! {navIndex: 0, index: 0, chapter: '1', cat: 'ekotoba'}
ChapterTimeline.js:29 [ChapterTimeline] props: {index: 0, chapter: '1', ekotobaId: 0, titleen: 'Chōjū-jinbutsu-giga_first'}
ChapterTimeline.js:29 [ChapterTimeline] props: {index: 0, chapter: '1', ekotobaId: 0, titleen: 'Chōjū-jinbutsu-giga_first'}
ChapterTimeline.js:29 [ChapterTimeline] props: {index: 5, chapter: '2', ekotobaId: 1, titleen: 'Chōjū-jinbutsu-giga_first'}
ChapterTimeline.js:29 [ChapterTimeline] props: {index: 5, chapter: '2', ekotobaId: 1, titleen: 'Chōjū-jinbutsu-giga_first'}
ChapterTimeline.js:29 [ChapterTimeline] props: {index: 12, chapter: '3', ekotobaId: 2, titleen: 'Chōjū-jinbutsu-giga_first'}
ChapterTimeline.js:29 [ChapterTimeline] props: {index: 12, chapter: '3', ekotobaId: 2, titleen: 'Chōjū-jinbutsu-giga_first'}
ChapterTimeline.js:29 [ChapterTimeline] props: {index: 15, chapter: '4', ekotobaId: 3, titleen: 'Chōjū-jinbutsu-giga_first'}
ChapterTimeline.js:29 [ChapterTimeline] props: {index: 15, chapter: '4', ekotobaId: 3, titleen: 'Chōjū-jinbutsu-giga_first'}
ChapterTimeline.js:29 [ChapterTimeline] props: {index: 18, chapter: '5', ekotobaId: 4, titleen: 'Chōjū-jinbutsu-giga_first'}
ChapterTimeline.js:29 [ChapterTimeline] props: {index: 18, chapter: '5', ekotobaId: 4, titleen: 'Chōjū-jinbutsu-giga_first'}
ChapterTimeline.js:29 [ChapterTimeline] props: {index: 21, chapter: '6', ekotobaId: 5, titleen: 'Chōjū-jinbutsu-giga_first'}
ChapterTimeline.js:29 [ChapterTimeline] props: {index: 21, chapter: '6', ekotobaId: 5, titleen: 'Chōjū-jinbutsu-giga_first'}
ChapterTimeline.js:29 [ChapterTimeline] props: {index: 24, chapter: '7', ekotobaId: 6, titleen: 'Chōjū-jinbutsu-giga_first'}chapter: "7"ekotobaId: 6index: 24titleen: "Chōjū-jinbutsu-giga_first"[[Prototype]]: Object
ChapterTimeline.js:29 [ChapterTimeline] props: {index: 24, chapter: '7', ekotobaId: 6, titleen: 'Chōjū-jinbutsu-giga_first'}
ChapterTimeline.js:29 [ChapterTimeline] props: {index: 26, chapter: '8', ekotobaId: 7, titleen: 'Chōjū-jinbutsu-giga_first'}
ChapterTimeline.js:29 [ChapterTimeline] props: {index: 26, chapter: '8', ekotobaId: 7, titleen: 'Chōjū-jinbutsu-giga_first'}
ChapterTimeline.js:29 [ChapterTimeline] props: {index: 29, chapter: '9', ekotobaId: 8, titleen: 'Chōjū-jinbutsu-giga_first'}
ChapterTimeline.js:29 [ChapterTimeline] props: {index: 29, chapter: '9', ekotobaId: 8, titleen: 'Chōjū-jinbutsu-giga_first'}
OverlayEkotoba.js:53 [OverlayEkotoba] navIndex matched! {navIndex: 0, index: 0, chapter: '1', cat: 'ekotoba'}
OverlayEkotoba.js:53 [OverlayEkotoba] navIndex matched! {navIndex: 0, index: 0, chapter: '1', cat: 'ekotoba'}
OverlayEkotoba.js:53 [OverlayEkotoba] navIndex matched! {navIndex: 0, index: 0, chapter: '1', cat: 'ekotoba'}
OverlayEkotoba.js:53 [OverlayEkotoba] navIndex matched! {navIndex: 0, index: 0, chapter: '1', cat: 'ekotoba'}
ChapterTimeline.js:68 [ChapterTimeline] clicked, handleToId: 0
ChapterTimeline.js:68 [ChapterTimeline] clicked, handleToId: 5
OverlayEkotoba.js:53 [OverlayEkotoba] navIndex matched! {navIndex: 5, index: 5, chapter: '2', cat: 'ekotoba'}
OverlayEkotoba.js:53 [OverlayEkotoba] navIndex matched! {navIndex: 5, index: 5, chapter: '2', cat: 'ekotoba'}
ChapterTimeline.js:29 [ChapterTimeline] props: {index: 0, chapter: '1', ekotobaId: 0, titleen: 'Chōjū-jinbutsu-giga_first'}
ChapterTimeline.js:29 [ChapterTimeline] props: {index: 0, chapter: '1', ekotobaId: 0, titleen: 'Chōjū-jinbutsu-giga_first'}
ChapterTimeline.js:29 [ChapterTimeline] props: {index: 5, chapter: '2', ekotobaId: 1, titleen: 'Chōjū-jinbutsu-giga_first'}
ChapterTimeline.js:29 [ChapterTimeline] props: {index: 5, chapter: '2', ekotobaId: 1, titleen: 'Chōjū-jinbutsu-giga_first'}
ChapterTimeline.js:29 [ChapterTimeline] props: {index: 12, chapter: '3', ekotobaId: 2, titleen: 'Chōjū-jinbutsu-giga_first'}
ChapterTimeline.js:29 [ChapterTimeline] props: {index: 12, chapter: '3', ekotobaId: 2, titleen: 'Chōjū-jinbutsu-giga_first'}
ChapterTimeline.js:29 [ChapterTimeline] props: {index: 15, chapter: '4', ekotobaId: 3, titleen: 'Chōjū-jinbutsu-giga_first'}
ChapterTimeline.js:29 [ChapterTimeline] props: {index: 15, chapter: '4', ekotobaId: 3, titleen: 'Chōjū-jinbutsu-giga_first'}
ChapterTimeline.js:29 [ChapterTimeline] props: {index: 18, chapter: '5', ekotobaId: 4, titleen: 'Chōjū-jinbutsu-giga_first'}
ChapterTimeline.js:29 [ChapterTimeline] props: {index: 18, chapter: '5', ekotobaId: 4, titleen: 'Chōjū-jinbutsu-giga_first'}
ChapterTimeline.js:29 [ChapterTimeline] props: {index: 21, chapter: '6', ekotobaId: 5, titleen: 'Chōjū-jinbutsu-giga_first'}
ChapterTimeline.js:29 [ChapterTimeline] props: {index: 21, chapter: '6', ekotobaId: 5, titleen: 'Chōjū-jinbutsu-giga_first'}
ChapterTimeline.js:29 [ChapterTimeline] props: {index: 24, chapter: '7', ekotobaId: 6, titleen: 'Chōjū-jinbutsu-giga_first'}
ChapterTimeline.js:29 [ChapterTimeline] props: {index: 24, chapter: '7', ekotobaId: 6, titleen: 'Chōjū-jinbutsu-giga_first'}
ChapterTimeline.js:29 [ChapterTimeline] props: {index: 26, chapter: '8', ekotobaId: 7, titleen: 'Chōjū-jinbutsu-giga_first'}
ChapterTimeline.js:29 [ChapterTimeline] props: {index: 26, chapter: '8', ekotobaId: 7, titleen: 'Chōjū-jinbutsu-giga_first'}
ChapterTimeline.js:29 [ChapterTimeline] props: {index: 29, chapter: '9', ekotobaId: 8, titleen: 'Chōjū-jinbutsu-giga_first'}
ChapterTimeline.js:29 [ChapterTimeline] props: {index: 29, chapter: '9', ekotobaId: 8, titleen: 'Chōjū-jinbutsu-giga_first'}
OverlayEkotoba.js:53 [OverlayEkotoba] navIndex matched! {navIndex: 5, index: 5, chapter: '2', cat: 'ekotoba'}
OverlayEkotoba.js:53 [OverlayEkotoba] navIndex matched! {navIndex: 5, index: 5, chapter: '2', cat: 'ekotoba'}
OverlayEkotoba.js:53 [OverlayEkotoba] navIndex matched! {navIndex: 5, index: 5, chapter: '2', cat: 'ekotoba'}
OverlayEkotoba.js:53 [OverlayEkotoba] navIndex matched! {navIndex: 5, index: 5, chapter: '2', cat: 'ekotoba'}cat: "ekotoba"chapter: "2"index: 5navIndex: 5[[Prototype]]: Objectconstructor: ƒ Object()hasOwnProperty: ƒ hasOwnProperty()isPrototypeOf: ƒ isPrototypeOf()propertyIsEnumerable: ƒ propertyIsEnumerable()toLocaleString: ƒ toLocaleString()toString: ƒ toString()valueOf: ƒ valueOf()__defineGetter__: ƒ __defineGetter__()__defineSetter__: ƒ __defineSetter__()__lookupGetter__: ƒ __lookupGetter__()__lookupSetter__: ƒ __lookupSetter__()__proto__: (...)get __proto__: ƒ __proto__()set __proto__: ƒ __proto__()
OverlayEkotoba.js:53 [OverlayEkotoba] navIndex matched! {navIndex: 5, index: 5, chapter: '2', cat: 'ekotoba'}
 [OverlayEkotoba] navIndex matched! {navIndex: 5, index: 5, chapter: '2', cat: 'ekotoba'}
 [OverlayEkotoba] navIndex matched! {navIndex: 5, index: 5, chapter: '2', cat: 'ekotoba'}
 [OverlayEkotoba] navIndex matched! {navIndex: 5, index: 5, chapter: '2', cat: 'ekotoba'}
 [OverlayEkotoba] navIndex matched! {navIndex: 5, index: 5, chapter: '2', cat: 'ekotoba'}
 [OverlayEkotoba] navIndex matched! {navIndex: 5, index: 5, chapter: '2', cat: 'ekotoba'}
 [OverlayEkotoba] navIndex matched! {navIndex: 5, index: 5, chapter: '2', cat: 'ekotoba'}
 [OverlayEkotoba] navIndex matched! {navIndex: 5, index: 5, chapter: '2', cat: 'ekotoba'}
 [OverlayEkotoba] navIndex matched! {navIndex: 5, index: 5, chapter: '2', cat: 'ekotoba'}
 [OverlayEkotoba] navIndex matched! {navIndex: 5, index: 5, chapter: '2', cat: 'ekotoba'}
 [OverlayEkotoba] navIndex matched! {navIndex: 5, index: 5, chapter: '2', cat: 'ekotoba'}
 [OverlayEkotoba] navIndex matched! {navIndex: 5, index: 5, chapter: '2', cat: 'ekotoba'}
 [OverlayEkotoba] navIndex matched! {navIndex: 5, index: 5, chapter: '2', cat: 'ekotoba'}
 [OverlayEkotoba] navIndex matched! {navIndex: 5, index: 5, chapter: '2', cat: 'ekotoba'}
 [OverlayEkotoba] navIndex matched! {navIndex: 5, index: 5, chapter: '2', cat: 'ekotoba'}
 [OverlayEkotoba] navIndex matched! {navIndex: 5, index: 5, chapter: '2', cat: 'ekotoba'}
 [OverlayEkotoba] navIndex matched! {navIndex: 5, index: 5, chapter: '2', cat: 'ekotoba'}
 [OverlayEkotoba] navIndex matched! {navIndex: 5, index: 5, chapter: '2', cat: 'ekotoba'}
 [OverlayEkotoba] navIndex matched! {navIndex: 5, index: 5, chapter: '2', cat: 'ekotoba'}
 [OverlayEkotoba] navIndex matched! {navIndex: 5, index: 5, chapter: '2', cat: 'ekotoba'}
 [OverlayEkotoba] navIndex matched! {navIndex: 5, index: 5, chapter: '2', cat: 'ekotoba'}
 [OverlayEkotoba] navIndex matched! {navIndex: 5, index: 5, chapter: '2', cat: 'ekotoba'}
 [OverlayEkotoba] navIndex matched! {navIndex: 5, index: 5, chapter: '2', cat: 'ekotoba'}
 [OverlayEkotoba] navIndex matched! {navIndex: 5, index: 5, chapter: '2', cat: 'ekotoba'}
 [OverlayEkotoba] navIndex matched! {navIndex: 5, index: 5, chapter: '2', cat: 'ekotoba'}
 [OverlayEkotoba] navIndex matched! {navIndex: 5, index: 5, chapter: '2', cat: 'ekotoba'}
 [OverlayEkotoba] navIndex matched! {navIndex: 5, index: 5, chapter: '2', cat: 'ekotoba'}
 [OverlayEkotoba] navIndex matched! {navIndex: 5, index: 5, chapter: '2', cat: 'ekotoba'}
